{"name": "test_login", "status": "broken", "statusDetails": {"message": "selenium.common.exceptions.ElementNotVisibleException: Message: 元素没有出现", "trace": "self = <testcases.test_login.TestLogin object at 0x000001E6C0D0E410>, driver = <selenium.webdriver.chrome.webdriver.WebDriver (session=\"b6d4e896d114476033721d45c0ebe7eb\")>\n\n    @pytest.mark.login\n    @allure.feature(\"登录\")\n    @allure.description(\"登录\")\n    def test_login(self, driver):\n        \"\"\"使用错误账号登录\"\"\"\n        with allure.step(\"登录\"):\n>           LoginPage().login(driver, \"gxh\")\n\ntestcases\\test_login.py:20: \n_ _ _ _ _ _ _ _ _ _ _ _ _ _ _ _ _ _ _ _ _ _ _ _ _ _ _ _ _ _ _ _ _ _ _ _ _ _ _ _ _ _ _ _ _ _ _ _ _ _ _ _ _ _ _ _ _ _ _ _ _ _ _ _ _ _ _ _ _ _ _ _ _ _ _ _ _ _ _ _ _ _ _ _ _ _ _ _ _ _ _ _ _ _ _ _ _ _ _ _ _ _ \npage\\login_page.py:27: in login\n    self.assert_login_success(driver)\npage\\login_page.py:36: in assert_login_success\n    self.element_appear(driver, By.XPATH, success_xpath, 2)\n_ _ _ _ _ _ _ _ _ _ _ _ _ _ _ _ _ _ _ _ _ _ _ _ _ _ _ _ _ _ _ _ _ _ _ _ _ _ _ _ _ _ _ _ _ _ _ _ _ _ _ _ _ _ _ _ _ _ _ _ _ _ _ _ _ _ _ _ _ _ _ _ _ _ _ _ _ _ _ _ _ _ _ _ _ _ _ _ _ _ _ _ _ _ _ _ _ _ _ _ _ _ \n\nself = <page.login_page.LoginPage object at 0x000001E6C0D0EEC0>, driver = <selenium.webdriver.chrome.webdriver.WebDriver (session=\"b6d4e896d114476033721d45c0ebe7eb\")>, locate_type = 'xpath'\nlocator_expression = \"//p[text()='登录成功']\", timeout = 2\n\n    def element_appear(self, driver, locate_type, locator_expression, timeout=30):\n        \"\"\"\n        等待元素出现\n        :param driver: 浏览器驱动\n        :param locate_type:  定位方式\n        :param locator_expression:  定位表达式\n        :param timeout:  超时时间\n        :return:\n        \"\"\"\n        if locate_type:\n            start_time = time.time() * 1000\n            end_time = start_time + (timeout * 1000)\n            for i in range(int(timeout * 10)):\n                try:\n                    element = driver.find_element(by=locate_type, value=locator_expression)\n                    if element.is_displayed():\n                        return element\n                    else:\n                        raise Exception()\n                except Exception:\n                    now_time = time.time() * 1000\n                    if now_time >= end_time:\n                        break\n                    pass\n>           raise ElementNotVisibleException(\"元素没有出现\")\nE           selenium.common.exceptions.ElementNotVisibleException: Message: 元素没有出现\n\nbase\\object_map.py:119: ElementNotVisibleException"}, "description": "登录", "steps": [{"name": "登录", "status": "broken", "statusDetails": {"message": "selenium.common.exceptions.ElementNotVisibleException: Message: 元素没有出现\n\n", "trace": "  File \"D:\\学习\\学习项目\\harper_autotest\\testcases\\test_login.py\", line 20, in test_login\n    LoginPage().login(driver, \"gxh\")\n  File \"D:\\学习\\学习项目\\harper_autotest\\page\\login_page.py\", line 27, in login\n    self.assert_login_success(driver)\n  File \"D:\\学习\\学习项目\\harper_autotest\\page\\login_page.py\", line 36, in assert_login_success\n    self.element_appear(driver, By.XPATH, success_xpath, 2)\n  File \"D:\\学习\\学习项目\\harper_autotest\\base\\object_map.py\", line 119, in element_appear\n    raise ElementNotVisibleException(\"元素没有出现\")\n"}, "start": 1679542802355, "stop": 1679542811179}], "start": 1679542802355, "stop": 1679542811180, "uuid": "f75a7802-bbe6-4a97-a16d-9c5b5b801170", "historyId": "e3831f1b5ac36d3ec52faa1d4a22987c", "testCaseId": "93a39feb8eb701231e6c069b76eeac98", "fullName": "testcases.test_login.TestLogin#test_login"}