{"name": "test_login", "status": "broken", "statusDetails": {"message": "selenium.common.exceptions.ElementNotVisibleException: Message: 元素没有出现", "trace": "self = <testcases.test_login.TestLogin object at 0x000002D7763F20B0>, driver = <selenium.webdriver.chrome.webdriver.WebDriver (session=\"95c326e358707c68624d772e7b9c9c96\")>\n\n    @pytest.mark.login\n    @allure.feature(\"登录\")\n    @allure.description(\"登录\")\n    def test_login(self, driver):\n        \"\"\"使用错误账号登录\"\"\"\n        with allure.step(\"登录\"):\n>           LoginPage().login(driver, \"gxh\")\n\ntestcases\\test_login.py:19: \n_ _ _ _ _ _ _ _ _ _ _ _ _ _ _ _ _ _ _ _ _ _ _ _ _ _ _ _ _ _ _ _ _ _ _ _ _ _ _ _ _ _ _ _ _ _ _ _ _ _ _ _ _ _ _ _ _ _ _ _ _ _ _ _ _ _ _ _ _ _ _ _ _ _ _ _ _ _ _ _ _ _ _ _ _ _ _ _ _ _ _ _ _ _ _ _ _ _ _ _ _ \npage\\login_page.py:29: in login\n    self.assert_login_success(driver)\npage\\login_page.py:38: in assert_login_success\n    self.element_appear(driver, By.XPATH, success_xpath)\n_ _ _ _ _ _ _ _ _ _ _ _ _ _ _ _ _ _ _ _ _ _ _ _ _ _ _ _ _ _ _ _ _ _ _ _ _ _ _ _ _ _ _ _ _ _ _ _ _ _ _ _ _ _ _ _ _ _ _ _ _ _ _ _ _ _ _ _ _ _ _ _ _ _ _ _ _ _ _ _ _ _ _ _ _ _ _ _ _ _ _ _ _ _ _ _ _ _ _ _ _ \n\nself = <page.login_page.LoginPage object at 0x000002D7763F34C0>, driver = <selenium.webdriver.chrome.webdriver.WebDriver (session=\"95c326e358707c68624d772e7b9c9c96\")>, locate_type = 'xpath'\nlocator_expression = \"//p[text()='登录成功']\", timeout = 15\n\n    def element_appear(self, driver, locate_type, locator_expression, timeout=15):\n        \"\"\"\n        等待元素出现\n        :param driver: 浏览器驱动\n        :param locate_type:  定位方式\n        :param locator_expression:  定位表达式\n        :param timeout:  超时时间\n        :return:\n        \"\"\"\n        if locate_type:\n            start_time = time.time() * 1000\n            end_time = start_time + (timeout * 1000)\n            for i in range(int(timeout * 10)):\n                try:\n                    element = driver.find_element(by=locate_type, value=locator_expression)\n                    if element.is_displayed():\n                        return element\n                    else:\n                        raise Exception()\n                except Exception:\n                    now_time = time.time() * 1000\n                    if now_time >= end_time:\n                        break\n                    pass\n>           raise ElementNotVisibleException(\"元素没有出现\")\nE           selenium.common.exceptions.ElementNotVisibleException: Message: 元素没有出现\n\nbase\\object_map.py:119: ElementNotVisibleException"}, "description": "登录", "steps": [{"name": "登录", "status": "broken", "statusDetails": {"message": "selenium.common.exceptions.ElementNotVisibleException: Message: 元素没有出现\n\n", "trace": "  File \"D:\\harper_autotest\\testcases\\test_login.py\", line 19, in test_login\n    LoginPage().login(driver, \"gxh\")\n  File \"D:\\harper_autotest\\page\\login_page.py\", line 29, in login\n    self.assert_login_success(driver)\n  File \"D:\\harper_autotest\\page\\login_page.py\", line 38, in assert_login_success\n    self.element_appear(driver, By.XPATH, success_xpath)\n  File \"D:\\harper_autotest\\base\\object_map.py\", line 119, in element_appear\n    raise ElementNotVisibleException(\"元素没有出现\")\n"}, "start": 1679562590849, "stop": 1679562611504}], "attachments": [{"name": "失败截图.png", "source": "23da74ff-261e-4665-be6a-50bffd51cd10-attachment.png", "type": "image/png"}, {"name": "log", "source": "c3a16fcc-0b31-4518-a27b-e2f3f5fd7a07-attachment.txt", "type": "text/plain"}], "start": 1679562590849, "stop": 1679562611505, "uuid": "3469b593-d784-4038-a900-8adf0544fd41", "historyId": "e3831f1b5ac36d3ec52faa1d4a22987c", "testCaseId": "93a39feb8eb701231e6c069b76eeac98", "fullName": "testcases.test_login.TestLogin#test_login", "labels": [{"name": "feature", "value": "登录"}, {"name": "tag", "value": "login"}, {"name": "parentSuite", "value": "testcases"}, {"name": "suite", "value": "test_login"}, {"name": "subSuite", "value": "TestLogin"}, {"name": "host", "value": "高小浩的电脑"}, {"name": "thread", "value": "10624-MainThread"}, {"name": "framework", "value": "pytest"}, {"name": "language", "value": "cpython3"}, {"name": "package", "value": "testcases.test_login"}]}